<?xml version="1.0" encoding="UTF-8"?>
<!-- Generated by org.testng.reporters.JUnitReportReporter -->
<testsuite hostname="MLIVE-LP00951" name="com.javacodegeeks.testng.selenium.TestNGSeleniumDataDrivenSearchExample" tests="3" failures="0" timestamp="30 Dec 2015 20:42:13 GMT" time="7.910" errors="0">
  <testcase name="searchGoogle" time="2.730" classname="com.javacodegeeks.testng.selenium.TestNGSeleniumDataDrivenSearchExample"/>
  <testcase name="searchGoogle" time="2.885" classname="com.javacodegeeks.testng.selenium.TestNGSeleniumDataDrivenSearchExample"/>
  <testcase name="searchGoogle" time="2.295" classname="com.javacodegeeks.testng.selenium.TestNGSeleniumDataDrivenSearchExample"/>
</testsuite> <!-- com.javacodegeeks.testng.selenium.TestNGSeleniumDataDrivenSearchExample -->
