<?xml version="1.0" encoding="UTF-8"?>
<!-- Generated by org.testng.reporters.JUnitReportReporter -->
<testsuite hostname="DESKTOP-CD7ITQL" name="com.javacodegeeks.testng.selenium.TestNGSeleniumDependentMethodExample" tests="2" failures="0" timestamp="3 Jan 2016 05:13:08 GMT" time="16.598" errors="0">
  <testcase name="clickOnJCGTestNGArticle" time="2.151" classname="com.javacodegeeks.testng.selenium.TestNGSeleniumDependentMethodExample"/>
  <testcase name="searchTestNGInJCG" time="14.447" classname="com.javacodegeeks.testng.selenium.TestNGSeleniumDependentMethodExample"/>
</testsuite> <!-- com.javacodegeeks.testng.selenium.TestNGSeleniumDependentMethodExample -->
