<?xml version="1.0" encoding="UTF-8"?>
<!-- Generated by org.testng.reporters.JUnitReportReporter -->
<testsuite hostname="MLIVE-LP00951" name="com.javacodegeeks.testng.selenium.TestNGSeleniumDependentMethodExample" tests="2" failures="0" timestamp="30 Dec 2015 21:48:35 GMT" time="14.938" errors="0">
  <testcase name="clickOnJCGTestNGArticle" time="2.626" classname="com.javacodegeeks.testng.selenium.TestNGSeleniumDependentMethodExample"/>
  <testcase name="searchTestNGInJCG" time="12.312" classname="com.javacodegeeks.testng.selenium.TestNGSeleniumDependentMethodExample"/>
</testsuite> <!-- com.javacodegeeks.testng.selenium.TestNGSeleniumDependentMethodExample -->
