<?xml version="1.0" encoding="UTF-8"?>
<!-- Generated by org.testng.reporters.JUnitReportReporter -->
<testsuite hostname="MLIVE-LP00951" name="com.javacodegeeks.testng.selenium.TestNGSeleniumDataDrivenSearchExample" tests="2" failures="0" timestamp="3 Jan 2016 01:02:07 GMT" time="6.156" errors="0">
  <testcase name="searchGoogle" time="3.411" classname="com.javacodegeeks.testng.selenium.TestNGSeleniumDataDrivenSearchExample"/>
  <testcase name="searchGoogle" time="2.745" classname="com.javacodegeeks.testng.selenium.TestNGSeleniumDataDrivenSearchExample"/>
</testsuite> <!-- com.javacodegeeks.testng.selenium.TestNGSeleniumDataDrivenSearchExample -->
