<?xml version="1.0" encoding="UTF-8"?>
<!-- Generated by org.testng.reporters.JUnitReportReporter -->
<testsuite hostname="DESKTOP-CD7ITQL" name="com.javacodegeeks.testng.selenium.TestNGSeleniumDriverInjectionExample" tests="1" failures="0" timestamp="3 Jan 2016 05:13:08 GMT" time="4.027" errors="0">
  <testcase name="searchGoogle" time="4.027" classname="com.javacodegeeks.testng.selenium.TestNGSeleniumDriverInjectionExample"/>
</testsuite> <!-- com.javacodegeeks.testng.selenium.TestNGSeleniumDriverInjectionExample -->
