<?xml version="1.0" encoding="UTF-8"?>
<!-- Generated by org.testng.reporters.JUnitReportReporter -->
<testsuite hostname="DESKTOP-CD7ITQL" name="com.javacodegeeks.testng.selenium.TestNGSeleniumDataDrivenSearchExample" tests="4" failures="0" timestamp="3 Jan 2016 18:06:37 GMT" time="9.134" errors="0">
  <testcase name="searchGoogle" time="2.116" classname="com.javacodegeeks.testng.selenium.TestNGSeleniumDataDrivenSearchExample"/>
  <testcase name="searchGoogle" time="2.060" classname="com.javacodegeeks.testng.selenium.TestNGSeleniumDataDrivenSearchExample"/>
  <testcase name="searchGoogle" time="2.697" classname="com.javacodegeeks.testng.selenium.TestNGSeleniumDataDrivenSearchExample"/>
  <testcase name="searchGoogle" time="2.261" classname="com.javacodegeeks.testng.selenium.TestNGSeleniumDataDrivenSearchExample"/>
</testsuite> <!-- com.javacodegeeks.testng.selenium.TestNGSeleniumDataDrivenSearchExample -->
