<?xml version="1.0" encoding="UTF-8"?>
<!-- Generated by org.testng.reporters.JUnitReportReporter -->
<testsuite hostname="DESKTOP-CD7ITQL" name="com.javacodegeeks.testng.selenium.TestNGSeleniumBrowserCfgExample" tests="2" failures="0" timestamp="3 Jan 2016 05:13:08 GMT" time="6.477" errors="0">
  <testcase name="searchGoogle" time="2.413" classname="com.javacodegeeks.testng.selenium.TestNGSeleniumBrowserCfgExample"/>
  <testcase name="searchGoogle" time="4.064" classname="com.javacodegeeks.testng.selenium.TestNGSeleniumBrowserCfgExample"/>
</testsuite> <!-- com.javacodegeeks.testng.selenium.TestNGSeleniumBrowserCfgExample -->
