<?xml version="1.0" encoding="UTF-8"?>
<!-- Generated by org.testng.reporters.JUnitReportReporter -->
<testsuite hostname="MLIVE-LP00951" name="com.javacodegeeks.testng.selenium.TestNGSeleniumBrowserCfgExample" tests="2" failures="0" timestamp="31 Dec 2015 04:43:38 GMT" time="4.116" errors="0">
  <testcase name="searchGoogle" time="2.366" classname="com.javacodegeeks.testng.selenium.TestNGSeleniumBrowserCfgExample"/>
  <testcase name="searchGoogle" time="1.750" classname="com.javacodegeeks.testng.selenium.TestNGSeleniumBrowserCfgExample"/>
</testsuite> <!-- com.javacodegeeks.testng.selenium.TestNGSeleniumBrowserCfgExample -->
