<?xml version="1.0" encoding="UTF-8"?>
<!-- Generated by org.testng.reporters.JUnitReportReporter -->
<testsuite hostname="MLIVE-LP00951" name="com.javacodegeeks.testng.selenium.TestNGSeleniumDriverInjectionExample" tests="1" failures="0" timestamp="30 Dec 2015 20:29:46 GMT" time="2.939" errors="0">
  <testcase name="searchGoogle" time="2.939" classname="com.javacodegeeks.testng.selenium.TestNGSeleniumDriverInjectionExample"/>
</testsuite> <!-- com.javacodegeeks.testng.selenium.TestNGSeleniumDriverInjectionExample -->
