<?xml version="1.0" encoding="UTF-8"?>
<!-- Generated by org.testng.reporters.JUnitReportReporter -->
<testsuite hostname="MLIVE-LP00951" name="com.javacodegeeks.testng.selenium.TestNGSeleniumBrowserCfgExample" tests="4" failures="0" timestamp="30 Dec 2015 21:11:33 GMT" time="9.039" errors="0">
  <testcase name="searchGoogle" time="1.612" classname="com.javacodegeeks.testng.selenium.TestNGSeleniumBrowserCfgExample"/>
  <testcase name="searchGoogle" time="2.623" classname="com.javacodegeeks.testng.selenium.TestNGSeleniumBrowserCfgExample"/>
  <testcase name="searchGoogle" time="2.593" classname="com.javacodegeeks.testng.selenium.TestNGSeleniumBrowserCfgExample"/>
  <testcase name="searchGoogle" time="2.211" classname="com.javacodegeeks.testng.selenium.TestNGSeleniumBrowserCfgExample"/>
</testsuite> <!-- com.javacodegeeks.testng.selenium.TestNGSeleniumBrowserCfgExample -->
