<?xml version="1.0" encoding="UTF-8"?>
<!-- Generated by org.testng.reporters.JUnitReportReporter -->
<testsuite hostname="DESKTOP-CD7ITQL" name="com.javacodegeeks.testng.selenium.TestNGSeleniumXpathExample" tests="1" failures="0" timestamp="3 Jan 2016 15:45:13 GMT" time="3.568" errors="0">
  <testcase name="searchStringUsingXPATH" time="3.568" classname="com.javacodegeeks.testng.selenium.TestNGSeleniumXpathExample"/>
</testsuite> <!-- com.javacodegeeks.testng.selenium.TestNGSeleniumXpathExample -->
