<?xml version="1.0" encoding="UTF-8"?>
<!-- Generated by org.testng.reporters.JUnitReportReporter -->
<testsuite hostname="MLIVE-LP00951" name="com.javacodegeeks.testng.selenium.TestNGSeleniumDependentMethodExample" tests="2" failures="0" timestamp="31 Dec 2015 03:55:45 GMT" time="105.152" errors="0">
  <testcase name="clickOnJCGTestNGArticle" time="17.213" classname="com.javacodegeeks.testng.selenium.TestNGSeleniumDependentMethodExample"/>
  <testcase name="searchTestNGInJCG" time="87.939" classname="com.javacodegeeks.testng.selenium.TestNGSeleniumDependentMethodExample"/>
</testsuite> <!-- com.javacodegeeks.testng.selenium.TestNGSeleniumDependentMethodExample -->
