<?xml version="1.0" encoding="UTF-8"?>
<!-- Generated by org.testng.reporters.JUnitReportReporter -->
<testsuite hostname="MLIVE-LP00951" name="com.javacodegeeks.testng.selenium.TestNGSeleniumXPATHTest" tests="1" failures="0" timestamp="3 Jan 2016 00:29:39 GMT" time="2.847" errors="0">
  <testcase name="searchStringUsingXPATH" time="2.847" classname="com.javacodegeeks.testng.selenium.TestNGSeleniumXPATHTest"/>
</testsuite> <!-- com.javacodegeeks.testng.selenium.TestNGSeleniumXPATHTest -->
