<?xml version="1.0" encoding="UTF-8"?>
<!-- Generated by org.testng.reporters.JUnitReportReporter -->
<testsuite hostname="MLIVE-LP00951" name="com.javacodegeeks.testng.selenium.TestNGSeleniumBrowserCfgExample" tests="2" failures="0" timestamp="3 Jan 2016 01:02:07 GMT" time="6.171" errors="0">
  <testcase name="searchGoogle" time="3.295" classname="com.javacodegeeks.testng.selenium.TestNGSeleniumBrowserCfgExample"/>
  <testcase name="searchGoogle" time="2.876" classname="com.javacodegeeks.testng.selenium.TestNGSeleniumBrowserCfgExample"/>
</testsuite> <!-- com.javacodegeeks.testng.selenium.TestNGSeleniumBrowserCfgExample -->
