<?xml version="1.0" encoding="UTF-8"?>
<!-- Generated by org.testng.reporters.JUnitReportReporter -->
<testsuite hostname="MLIVE-LP00951" name="com.javacodegeeks.testng.selenium.TestNGSeleniumSimpleSearchExample" tests="1" failures="0" timestamp="30 Dec 2015 19:57:28 GMT" time="2.675" errors="0">
  <testcase name="searchTestNGInGoogle" time="2.675" classname="com.javacodegeeks.testng.selenium.TestNGSeleniumSimpleSearchExample"/>
</testsuite> <!-- com.javacodegeeks.testng.selenium.TestNGSeleniumSimpleSearchExample -->
