<?xml version="1.0" encoding="UTF-8"?>
<!-- Generated by org.testng.reporters.JUnitReportReporter -->
<testsuite hostname="MLIVE-LP00951" name="com.javacodegeeks.testng.selenium.TestNGSeleniumDriverInjectionExample" tests="1" failures="0" timestamp="3 Jan 2016 01:02:07 GMT" time="2.919" errors="0">
  <testcase name="searchGoogle" time="2.919" classname="com.javacodegeeks.testng.selenium.TestNGSeleniumDriverInjectionExample"/>
</testsuite> <!-- com.javacodegeeks.testng.selenium.TestNGSeleniumDriverInjectionExample -->
