<?xml version="1.0" encoding="UTF-8"?>
<!-- Generated by org.testng.reporters.JUnitReportReporter -->
<testsuite hostname="DESKTOP-CD7ITQL" name="com.javacodegeeks.testng.selenium.TestNGSeleniumSimpleSearchExample" tests="1" failures="0" timestamp="3 Jan 2016 05:13:08 GMT" time="3.310" errors="0">
  <testcase name="searchTestNGInGoogle" time="3.310" classname="com.javacodegeeks.testng.selenium.TestNGSeleniumSimpleSearchExample"/>
</testsuite> <!-- com.javacodegeeks.testng.selenium.TestNGSeleniumSimpleSearchExample -->
